::1 - - [14/Apr/2015:00:08:18 +0000] "GET / HTTP/1.1" 200 6139 "-" "Mozilla/5.0 (Macintosh; Intel Mac OS X 10_10_1) AppleWebKit/537.36 (KHTML, like Gecko) Chrome/41.0.2272.118 Safari/537.36"
::1 - - [14/Apr/2015:00:08:18 +0000] "GET /assets/css/font-awesome.min.css HTTP/1.1" 200 23739 "http://localhost:3000/" "Mozilla/5.0 (Macintosh; Intel Mac OS X 10_10_1) AppleWebKit/537.36 (KHTML, like Gecko) Chrome/41.0.2272.118 Safari/537.36"
::1 - - [14/Apr/2015:00:08:18 +0000] "GET /assets/css/simple-line-icons.css HTTP/1.1" 200 11047 "http://localhost:3000/" "Mozilla/5.0 (Macintosh; Intel Mac OS X 10_10_1) AppleWebKit/537.36 (KHTML, like Gecko) Chrome/41.0.2272.118 Safari/537.36"
::1 - - [14/Apr/2015:00:08:18 +0000] "GET /assets/css/main.min.css HTTP/1.1" 200 22588 "http://localhost:3000/" "Mozilla/5.0 (Macintosh; Intel Mac OS X 10_10_1) AppleWebKit/537.36 (KHTML, like Gecko) Chrome/41.0.2272.118 Safari/537.36"
::1 - - [14/Apr/2015:00:08:18 +0000] "GET /assets/img/loader.gif HTTP/1.1" 200 4406 "http://localhost:3000/" "Mozilla/5.0 (Macintosh; Intel Mac OS X 10_10_1) AppleWebKit/537.36 (KHTML, like Gecko) Chrome/41.0.2272.118 Safari/537.36"
::1 - - [14/Apr/2015:00:08:18 +0000] "GET /assets/css/bootstrap.css HTTP/1.1" 200 141622 "http://localhost:3000/" "Mozilla/5.0 (Macintosh; Intel Mac OS X 10_10_1) AppleWebKit/537.36 (KHTML, like Gecko) Chrome/41.0.2272.118 Safari/537.36"
::1 - - [14/Apr/2015:00:08:18 +0000] "GET /assets/js/app.min.js HTTP/1.1" 200 68830 "http://localhost:3000/" "Mozilla/5.0 (Macintosh; Intel Mac OS X 10_10_1) AppleWebKit/537.36 (KHTML, like Gecko) Chrome/41.0.2272.118 Safari/537.36"
::1 - - [14/Apr/2015:00:08:18 +0000] "GET /assets/img/zi-logo-header.png HTTP/1.1" 200 6013 "http://localhost:3000/" "Mozilla/5.0 (Macintosh; Intel Mac OS X 10_10_1) AppleWebKit/537.36 (KHTML, like Gecko) Chrome/41.0.2272.118 Safari/537.36"
::1 - - [14/Apr/2015:00:08:18 +0000] "GET /assets/img/logo.png HTTP/1.1" 200 7824 "http://localhost:3000/" "Mozilla/5.0 (Macintosh; Intel Mac OS X 10_10_1) AppleWebKit/537.36 (KHTML, like Gecko) Chrome/41.0.2272.118 Safari/537.36"
::1 - - [14/Apr/2015:00:08:18 +0000] "GET /assets/img/btn-appstore.png HTTP/1.1" 200 6298 "http://localhost:3000/" "Mozilla/5.0 (Macintosh; Intel Mac OS X 10_10_1) AppleWebKit/537.36 (KHTML, like Gecko) Chrome/41.0.2272.118 Safari/537.36"
::1 - - [14/Apr/2015:00:08:18 +0000] "GET /assets/img/btn-googleplay.png HTTP/1.1" 200 9048 "http://localhost:3000/" "Mozilla/5.0 (Macintosh; Intel Mac OS X 10_10_1) AppleWebKit/537.36 (KHTML, like Gecko) Chrome/41.0.2272.118 Safari/537.36"
::1 - - [14/Apr/2015:00:08:18 +0000] "GET /assets/img/section-header-iphone.png HTTP/1.1" 200 44366 "http://localhost:3000/" "Mozilla/5.0 (Macintosh; Intel Mac OS X 10_10_1) AppleWebKit/537.36 (KHTML, like Gecko) Chrome/41.0.2272.118 Safari/537.36"
::1 - - [14/Apr/2015:00:08:18 +0000] "GET /assets/img/feature-app-iphonescr1.png HTTP/1.1" 200 20837 "http://localhost:3000/" "Mozilla/5.0 (Macintosh; Intel Mac OS X 10_10_1) AppleWebKit/537.36 (KHTML, like Gecko) Chrome/41.0.2272.118 Safari/537.36"
::1 - - [14/Apr/2015:00:08:18 +0000] "GET /assets/fonts/fontawesome-webfont.woff2?v=4.3.0 HTTP/1.1" 200 56780 "http://localhost:3000/assets/css/font-awesome.min.css" "Mozilla/5.0 (Macintosh; Intel Mac OS X 10_10_1) AppleWebKit/537.36 (KHTML, like Gecko) Chrome/41.0.2272.118 Safari/537.36"
::1 - - [14/Apr/2015:00:08:18 +0000] "GET /assets/img/iphone-placeholder-black.png HTTP/1.1" 200 21781 "http://localhost:3000/assets/css/main.min.css" "Mozilla/5.0 (Macintosh; Intel Mac OS X 10_10_1) AppleWebKit/537.36 (KHTML, like Gecko) Chrome/41.0.2272.118 Safari/537.36"
::1 - - [14/Apr/2015:00:08:18 +0000] "GET /assets/img/zi-fullscreen-bg.png HTTP/1.1" 200 1039089 "http://localhost:3000/assets/css/main.min.css" "Mozilla/5.0 (Macintosh; Intel Mac OS X 10_10_1) AppleWebKit/537.36 (KHTML, like Gecko) Chrome/41.0.2272.118 Safari/537.36"
::1 - - [14/Apr/2015:00:08:19 +0000] "GET /assets/img/bx_loader.gif HTTP/1.1" 200 8581 "http://localhost:3000/assets/css/main.min.css" "Mozilla/5.0 (Macintosh; Intel Mac OS X 10_10_1) AppleWebKit/537.36 (KHTML, like Gecko) Chrome/41.0.2272.118 Safari/537.36"
::1 - - [14/Apr/2015:00:08:23 +0000] "GET /messages HTTP/1.1" 400 11 "-" "Mozilla/5.0 (Macintosh; Intel Mac OS X 10_10_1) AppleWebKit/537.36 (KHTML, like Gecko) Chrome/41.0.2272.118 Safari/537.36"
::1 - - [14/Apr/2015:00:08:30 +0000] "GET /messages/?x=535&y=325&z=325 HTTP/1.1" 400 11 "-" "Mozilla/5.0 (Macintosh; Intel Mac OS X 10_10_1) AppleWebKit/537.36 (KHTML, like Gecko) Chrome/41.0.2272.118 Safari/537.36"
::1 - - [14/Apr/2015:00:08:35 +0000] "GET /messages/?x=535&y=10&z=10 HTTP/1.1" 400 11 "-" "Mozilla/5.0 (Macintosh; Intel Mac OS X 10_10_1) AppleWebKit/537.36 (KHTML, like Gecko) Chrome/41.0.2272.118 Safari/537.36"
::1 - - [14/Apr/2015:00:08:38 +0000] "GET /messages/?x=10&y=10&z=10 HTTP/1.1" 200 135 "-" "Mozilla/5.0 (Macintosh; Intel Mac OS X 10_10_1) AppleWebKit/537.36 (KHTML, like Gecko) Chrome/41.0.2272.118 Safari/537.36"
::1 - - [14/Apr/2015:00:08:43 +0000] "GET /messages/?x=10r&y=10&z=10 HTTP/1.1" 400 11 "-" "Mozilla/5.0 (Macintosh; Intel Mac OS X 10_10_1) AppleWebKit/537.36 (KHTML, like Gecko) Chrome/41.0.2272.118 Safari/537.36"
::1 - - [14/Apr/2015:00:08:47 +0000] "GET /messages/?x=&y=10&z=10 HTTP/1.1" 400 11 "-" "Mozilla/5.0 (Macintosh; Intel Mac OS X 10_10_1) AppleWebKit/537.36 (KHTML, like Gecko) Chrome/41.0.2272.118 Safari/537.36"
::1 - - [14/Apr/2015:00:08:56 +0000] "GET /messages/?x=ewew&y=10&z=10 HTTP/1.1" 400 11 "-" "Mozilla/5.0 (Macintosh; Intel Mac OS X 10_10_1) AppleWebKit/537.36 (KHTML, like Gecko) Chrome/41.0.2272.118 Safari/537.36"
